[debug] [2018-09-17T07:58:16.074Z] ----------------------------------------------------------------------
[debug] [2018-09-17T07:58:16.076Z] Command:       /usr/local/Cellar/node/10.10.0/bin/node /usr/local/bin/firebase deploy
[debug] [2018-09-17T07:58:16.076Z] CLI Version:   4.2.1
[debug] [2018-09-17T07:58:16.076Z] Platform:      darwin
[debug] [2018-09-17T07:58:16.076Z] Node Version:  v10.10.0
[debug] [2018-09-17T07:58:16.077Z] Time:          Mon Sep 17 2018 00:58:16 GMT-0700 (Pacific Daylight Time)
[debug] [2018-09-17T07:58:16.077Z] ----------------------------------------------------------------------
[debug] 
[debug] [2018-09-17T07:58:16.089Z] > command requires scopes: ["email","openid","https://www.googleapis.com/auth/cloudplatformprojects.readonly","https://www.googleapis.com/auth/firebase","https://www.googleapis.com/auth/cloud-platform"]
[debug] [2018-09-17T07:58:16.090Z] > authorizing via signed-in user
[debug] [2018-09-17T07:58:16.091Z] >>> HTTP REQUEST GET https://admin.firebase.com/v1/projects/aztec-game-laboratory  
 
[debug] [2018-09-17T07:58:16.610Z] <<< HTTP RESPONSE 200
[info] 
[info] === Deploying to 'aztec-game-laboratory'...
[info] 
[info] i  deploying functions, hosting
[info] Running command: npm --prefix "$RESOURCE_DIR" run lint
[info] ✔  functions: Finished running predeploy script.
[debug] [2018-09-17T07:58:19.598Z] > [functions] package.json contents: {
  "name": "functions",
  "description": "Cloud Functions for Firebase",
  "scripts": {
    "lint": "eslint .",
    "serve": "firebase serve --only functions",
    "shell": "firebase functions:shell",
    "start": "npm run shell",
    "deploy": "firebase deploy --only functions",
    "logs": "firebase functions:log"
  },
  "dependencies": {
    "firebase-admin": "^6.0.0",
    "firebase-functions": "^2.0.3"
  },
  "devDependencies": {
    "eslint": "^4.12.0",
    "eslint-plugin-promise": "^3.6.0"
  },
  "private": true
}
[info] i  functions: ensuring necessary APIs are enabled...
[debug] [2018-09-17T07:58:19.600Z] >>> HTTP REQUEST GET https://servicemanagement.googleapis.com/v1/services/cloudfunctions.googleapis.com/projectSettings/aztec-game-laboratory?view=CONSUMER_VIEW  
 
[debug] [2018-09-17T07:58:19.601Z] >>> HTTP REQUEST GET https://servicemanagement.googleapis.com/v1/services/runtimeconfig.googleapis.com/projectSettings/aztec-game-laboratory?view=CONSUMER_VIEW  
 
[debug] [2018-09-17T07:58:20.397Z] <<< HTTP RESPONSE 200
[debug] [2018-09-17T07:58:20.450Z] <<< HTTP RESPONSE 200
[info] ✔  functions: all necessary APIs are enabled
[debug] [2018-09-17T07:58:20.451Z] >>> HTTP REQUEST GET https://cloudresourcemanager.googleapis.com/v1/projects/aztec-game-laboratory  
 
[debug] [2018-09-17T07:58:20.924Z] <<< HTTP RESPONSE 200
[debug] [2018-09-17T07:58:20.925Z] >>> HTTP REQUEST GET https://mobilesdk-pa.googleapis.com/v1/projects/739470653135:getServerAppConfig  
 
[debug] [2018-09-17T07:58:21.121Z] <<< HTTP RESPONSE 200
[debug] [2018-09-17T07:58:21.123Z] >>> HTTP REQUEST POST https://firebasehosting.googleapis.com/v1beta1/sites/aztec-game-laboratory/versions  

[debug] [2018-09-17T07:58:21.847Z] <<< HTTP RESPONSE 200
[info] i  functions: preparing functions directory for uploading...
[debug] [2018-09-17T07:58:21.850Z] >>> HTTP REQUEST GET https://runtimeconfig.googleapis.com/v1beta1/projects/aztec-game-laboratory/configs  
 
[debug] [2018-09-17T07:58:22.090Z] <<< HTTP RESPONSE 200
[info] i  functions: packaged functions (88.7 KB) for uploading
[debug] [2018-09-17T07:58:22.335Z] >>> HTTP REQUEST POST https://cloudfunctions.googleapis.com/v1/projects/aztec-game-laboratory/locations/us-central1/functions:generateUploadUrl  
 
[debug] [2018-09-17T07:58:22.844Z] <<< HTTP RESPONSE 200
[debug] [2018-09-17T07:58:22.845Z] >>> HTTP REQUEST PUT https://storage.googleapis.com/gcf-upload-us-central1-3231bad6-ae9f-4f81-8c21-cd0267c2ac7a/47746594-1927-4083-bf4f-e1304c4ee154.zip?GoogleAccessId=service-739470653135@gcf-admin-robot.iam.gserviceaccount.com&Expires=1537172802&Signature=OxrWQhuKa%2Fc86jZqvUfmY792o%2FEtoIIxRoortcSQc6kkcdRrj7VJjiswWp3SINTGrelWLNUIP%2F725oj9Gs15jMmJxbjLEw6sqsAMFnKGLkY%2FZITC09iAjNT2muHC0U8Osf%2FaAL%2BXpac8InQ8v%2BtkBbPvni3%2Fg6gculT07usx37bpY88OWOhQg0Q2ke%2FlXyr0lB123P0odWK05ymP%2FHj05%2B2Hr1Zb%2FsfOjNDi2XQnFhpeorMK2PXtEC3WRXkv8V6X4UZ%2Fv8ZDSNEa8idi4DfrrlTP5cyRs94t7l1f7FcyGIEY6lEylxnISmfPQWtgWC6Gr%2F6oRFbNUy3Mu1FkwIYtuA%3D%3D  

[debug] [2018-09-17T07:58:23.588Z] <<< HTTP RESPONSE 200
[info] ✔  functions: functions folder uploaded successfully
[info] i  hosting[aztec-game-laboratory]: beginning deploy...
[info] i  hosting[aztec-game-laboratory]: found 7 files in build
[debug] [2018-09-17T07:58:23.599Z] [hosting] hash cache [YnVpbGQ] stored for 7 files
[debug] [2018-09-17T07:58:23.599Z] [hosting][hash queue][FINAL]
[debug] [2018-09-17T07:58:23.599Z] >>> HTTP REQUEST POST https://firebasehosting.googleapis.com/v1beta1/sites/aztec-game-laboratory/versions/09b2bc41969a5eb0:populateFiles  
 <request body omitted>
[debug] [2018-09-17T07:58:24.102Z] <<< HTTP RESPONSE 200
[debug] [2018-09-17T07:58:24.103Z] [hosting][populate queue][FINAL]
[debug] [2018-09-17T07:58:24.103Z] [hosting] uploads queued: 0
[debug] [2018-09-17T07:58:24.103Z] [hosting][upload queue][FINAL]
[info] ✔  hosting[aztec-game-laboratory]: file upload complete
[debug] [2018-09-17T07:58:24.104Z] [hosting] deploy completed after 514ms
[debug] [2018-09-17T07:58:24.245Z] >>> HTTP REQUEST GET https://cloudfunctions.googleapis.com/v1/projects/aztec-game-laboratory/locations/-/functions  
 
[debug] [2018-09-17T07:58:24.816Z] <<< HTTP RESPONSE 200
[info] i  functions: updating Node.js 6 function helloWorld(us-central1)...
[debug] [2018-09-17T07:58:24.818Z] Trigger is:  {"httpsTrigger":{}}
[info] i  functions: updating Node.js 6 function createUserDocument(us-central1)...
[debug] [2018-09-17T07:58:24.818Z] Trigger is:  {"eventTrigger":{"resource":"projects/aztec-game-laboratory","eventType":"providers/firebase.auth/eventTypes/user.create","service":"firebaseauth.googleapis.com"}}
[debug] [2018-09-17T07:58:24.820Z] >>> HTTP REQUEST PATCH https://cloudfunctions.googleapis.com/v1/projects/aztec-game-laboratory/locations/us-central1/functions/helloWorld 
query params: {"updateMask":"sourceUploadUrl,name,labels,httpsTrigger"} 

[debug] [2018-09-17T07:58:24.821Z] >>> HTTP REQUEST PATCH https://cloudfunctions.googleapis.com/v1/projects/aztec-game-laboratory/locations/us-central1/functions/createUserDocument 
query params: {"updateMask":"sourceUploadUrl,name,labels,eventTrigger.resource,eventTrigger.eventType,eventTrigger.service"} 

[debug] [2018-09-17T07:58:25.322Z] <<< HTTP RESPONSE 200
[debug] [2018-09-17T07:58:25.323Z] <<< HTTP RESPONSE 200
[debug] [2018-09-17T07:58:25.324Z] >>> HTTP REQUEST GET https://cloudfunctions.googleapis.com/v1/projects/aztec-game-laboratory/locations/-/functions  
 
[debug] [2018-09-17T07:58:25.944Z] <<< HTTP RESPONSE 200
[debug] [2018-09-17T07:58:25.945Z] >>> HTTP REQUEST GET https://cloudfunctions.googleapis.com/v1/operations/YXp0ZWMtZ2FtZS1sYWJvcmF0b3J5L3VzLWNlbnRyYWwxL2hlbGxvV29ybGQvN0tHUGdLcmtkekU  
 
[debug] [2018-09-17T07:58:25.946Z] >>> HTTP REQUEST GET https://cloudfunctions.googleapis.com/v1/operations/YXp0ZWMtZ2FtZS1sYWJvcmF0b3J5L3VzLWNlbnRyYWwxL2NyZWF0ZVVzZXJEb2N1bWVudC9rdXdYOEhYZ3ZCTQ  
 
[debug] [2018-09-17T07:58:26.330Z] <<< HTTP RESPONSE 200
[debug] [2018-09-17T07:58:26.362Z] <<< HTTP RESPONSE 200
[debug] [2018-09-17T07:58:28.336Z] >>> HTTP REQUEST GET https://cloudfunctions.googleapis.com/v1/operations/YXp0ZWMtZ2FtZS1sYWJvcmF0b3J5L3VzLWNlbnRyYWwxL2NyZWF0ZVVzZXJEb2N1bWVudC9rdXdYOEhYZ3ZCTQ  
 
[debug] [2018-09-17T07:58:28.365Z] >>> HTTP REQUEST GET https://cloudfunctions.googleapis.com/v1/operations/YXp0ZWMtZ2FtZS1sYWJvcmF0b3J5L3VzLWNlbnRyYWwxL2hlbGxvV29ybGQvN0tHUGdLcmtkekU  
 
[debug] [2018-09-17T07:58:28.810Z] <<< HTTP RESPONSE 200
[debug] [2018-09-17T07:58:28.812Z] <<< HTTP RESPONSE 200
[debug] [2018-09-17T07:58:30.815Z] >>> HTTP REQUEST GET https://cloudfunctions.googleapis.com/v1/operations/YXp0ZWMtZ2FtZS1sYWJvcmF0b3J5L3VzLWNlbnRyYWwxL2hlbGxvV29ybGQvN0tHUGdLcmtkekU  
 
[debug] [2018-09-17T07:58:30.815Z] >>> HTTP REQUEST GET https://cloudfunctions.googleapis.com/v1/operations/YXp0ZWMtZ2FtZS1sYWJvcmF0b3J5L3VzLWNlbnRyYWwxL2NyZWF0ZVVzZXJEb2N1bWVudC9rdXdYOEhYZ3ZCTQ  
 
[debug] [2018-09-17T07:58:31.288Z] <<< HTTP RESPONSE 200
[debug] [2018-09-17T07:58:31.288Z] <<< HTTP RESPONSE 200
[debug] [2018-09-17T07:58:33.290Z] >>> HTTP REQUEST GET https://cloudfunctions.googleapis.com/v1/operations/YXp0ZWMtZ2FtZS1sYWJvcmF0b3J5L3VzLWNlbnRyYWwxL2hlbGxvV29ybGQvN0tHUGdLcmtkekU  
 
[debug] [2018-09-17T07:58:33.291Z] >>> HTTP REQUEST GET https://cloudfunctions.googleapis.com/v1/operations/YXp0ZWMtZ2FtZS1sYWJvcmF0b3J5L3VzLWNlbnRyYWwxL2NyZWF0ZVVzZXJEb2N1bWVudC9rdXdYOEhYZ3ZCTQ  
 
[debug] [2018-09-17T07:58:33.471Z] <<< HTTP RESPONSE 200
[debug] [2018-09-17T07:58:33.724Z] <<< HTTP RESPONSE 200
[debug] [2018-09-17T07:58:35.474Z] >>> HTTP REQUEST GET https://cloudfunctions.googleapis.com/v1/operations/YXp0ZWMtZ2FtZS1sYWJvcmF0b3J5L3VzLWNlbnRyYWwxL2hlbGxvV29ybGQvN0tHUGdLcmtkekU  
 
[debug] [2018-09-17T07:58:35.725Z] >>> HTTP REQUEST GET https://cloudfunctions.googleapis.com/v1/operations/YXp0ZWMtZ2FtZS1sYWJvcmF0b3J5L3VzLWNlbnRyYWwxL2NyZWF0ZVVzZXJEb2N1bWVudC9rdXdYOEhYZ3ZCTQ  
 
[debug] [2018-09-17T07:58:35.865Z] <<< HTTP RESPONSE 200
[debug] [2018-09-17T07:58:36.182Z] <<< HTTP RESPONSE 200
[debug] [2018-09-17T07:58:37.870Z] >>> HTTP REQUEST GET https://cloudfunctions.googleapis.com/v1/operations/YXp0ZWMtZ2FtZS1sYWJvcmF0b3J5L3VzLWNlbnRyYWwxL2hlbGxvV29ybGQvN0tHUGdLcmtkekU  
 
[debug] [2018-09-17T07:58:38.185Z] >>> HTTP REQUEST GET https://cloudfunctions.googleapis.com/v1/operations/YXp0ZWMtZ2FtZS1sYWJvcmF0b3J5L3VzLWNlbnRyYWwxL2NyZWF0ZVVzZXJEb2N1bWVudC9rdXdYOEhYZ3ZCTQ  
 
[debug] [2018-09-17T07:58:38.355Z] <<< HTTP RESPONSE 200
[debug] [2018-09-17T07:58:38.562Z] <<< HTTP RESPONSE 200
[debug] [2018-09-17T07:58:40.360Z] >>> HTTP REQUEST GET https://cloudfunctions.googleapis.com/v1/operations/YXp0ZWMtZ2FtZS1sYWJvcmF0b3J5L3VzLWNlbnRyYWwxL2hlbGxvV29ybGQvN0tHUGdLcmtkekU  
 
[debug] [2018-09-17T07:58:40.564Z] >>> HTTP REQUEST GET https://cloudfunctions.googleapis.com/v1/operations/YXp0ZWMtZ2FtZS1sYWJvcmF0b3J5L3VzLWNlbnRyYWwxL2NyZWF0ZVVzZXJEb2N1bWVudC9rdXdYOEhYZ3ZCTQ  
 
[debug] [2018-09-17T07:58:40.727Z] <<< HTTP RESPONSE 200
[debug] [2018-09-17T07:58:40.755Z] <<< HTTP RESPONSE 200
[debug] [2018-09-17T07:58:42.728Z] >>> HTTP REQUEST GET https://cloudfunctions.googleapis.com/v1/operations/YXp0ZWMtZ2FtZS1sYWJvcmF0b3J5L3VzLWNlbnRyYWwxL2hlbGxvV29ybGQvN0tHUGdLcmtkekU  
 
[debug] [2018-09-17T07:58:42.755Z] >>> HTTP REQUEST GET https://cloudfunctions.googleapis.com/v1/operations/YXp0ZWMtZ2FtZS1sYWJvcmF0b3J5L3VzLWNlbnRyYWwxL2NyZWF0ZVVzZXJEb2N1bWVudC9rdXdYOEhYZ3ZCTQ  
 
[debug] [2018-09-17T07:58:43.160Z] <<< HTTP RESPONSE 200
[debug] [2018-09-17T07:58:43.161Z] <<< HTTP RESPONSE 200
[debug] [2018-09-17T07:58:45.167Z] >>> HTTP REQUEST GET https://cloudfunctions.googleapis.com/v1/operations/YXp0ZWMtZ2FtZS1sYWJvcmF0b3J5L3VzLWNlbnRyYWwxL2hlbGxvV29ybGQvN0tHUGdLcmtkekU  
 
[debug] [2018-09-17T07:58:45.167Z] >>> HTTP REQUEST GET https://cloudfunctions.googleapis.com/v1/operations/YXp0ZWMtZ2FtZS1sYWJvcmF0b3J5L3VzLWNlbnRyYWwxL2NyZWF0ZVVzZXJEb2N1bWVudC9rdXdYOEhYZ3ZCTQ  
 
[debug] [2018-09-17T07:58:45.604Z] <<< HTTP RESPONSE 200
[debug] [2018-09-17T07:58:45.604Z] <<< HTTP RESPONSE 200
[debug] [2018-09-17T07:58:47.609Z] >>> HTTP REQUEST GET https://cloudfunctions.googleapis.com/v1/operations/YXp0ZWMtZ2FtZS1sYWJvcmF0b3J5L3VzLWNlbnRyYWwxL2NyZWF0ZVVzZXJEb2N1bWVudC9rdXdYOEhYZ3ZCTQ  
 
[debug] [2018-09-17T07:58:47.610Z] >>> HTTP REQUEST GET https://cloudfunctions.googleapis.com/v1/operations/YXp0ZWMtZ2FtZS1sYWJvcmF0b3J5L3VzLWNlbnRyYWwxL2hlbGxvV29ybGQvN0tHUGdLcmtkekU  
 
[debug] [2018-09-17T07:58:47.809Z] <<< HTTP RESPONSE 200
[info] ✔  functions[createUserDocument(us-central1)]: Successful update operation. 
[debug] [2018-09-17T07:58:48.027Z] <<< HTTP RESPONSE 200
[debug] [2018-09-17T07:58:50.030Z] >>> HTTP REQUEST GET https://cloudfunctions.googleapis.com/v1/operations/YXp0ZWMtZ2FtZS1sYWJvcmF0b3J5L3VzLWNlbnRyYWwxL2hlbGxvV29ybGQvN0tHUGdLcmtkekU  
 
[debug] [2018-09-17T07:58:50.518Z] <<< HTTP RESPONSE 200
[debug] [2018-09-17T07:58:52.521Z] >>> HTTP REQUEST GET https://cloudfunctions.googleapis.com/v1/operations/YXp0ZWMtZ2FtZS1sYWJvcmF0b3J5L3VzLWNlbnRyYWwxL2hlbGxvV29ybGQvN0tHUGdLcmtkekU  
 
[debug] [2018-09-17T07:58:52.974Z] <<< HTTP RESPONSE 200
